::1 POST 200 /user/post 40.090 ms
请求IP：::1  方法：POST  状态：200  路径：/user/post  响应时间：38.453  ms
请求IP：::1  方法：GET  状态：200  路径：/user/get  响应时间：40.209  ms
请求IP：::1  方法：GET  状态：200  路径：/user/get  响应时间：5.508  ms
请求IP：::1  方法：GET  状态：200  路径：/user/get  响应时间：1.696  ms
请求IP：::1  方法：GET  状态：200  路径：/user/get  响应时间：4.596  ms
请求IP：::1  方法：GET  状态：200  路径：/user/get  响应时间：4.214  ms
请求IP：::1  方法：GET  状态：200  路径：/user/get  响应时间：3.782  ms
请求IP：::1  方法：GET  状态：200  路径：/user/get  响应时间：1.438  ms
请求IP：::1  方法：GET  状态：200  路径：/user/get  响应时间：1.724  ms
请求IP：::1  方法：GET  状态：200  路径：/user/get  响应时间：4.032  ms
请求IP：::1  方法：GET  状态：200  路径：/user/get  响应时间：5.061  ms
请求IP：::1  方法：GET  状态：200  路径：/user/get  响应时间：4.308  ms
请求IP：::1  方法：GET  状态：404  路径：/user/post?name=ganhuan  响应时间：1.473  ms
请求IP：::1  方法：GET  状态：200  路径：/user/get  响应时间：6.540  ms
请求IP：::1  方法：GET  状态：200  路径：/user/get  响应时间：15.112  ms
请求IP：::1  方法：POST  状态：200  路径：/user/post  响应时间：6.753  ms
请求IP：::1  方法：GET  状态：200  路径：/user/get  响应时间：3.531  ms
请求IP：::1  方法：POST  状态：200  路径：/user/post  响应时间：2.236  ms
请求IP：::1  方法：GET  状态：200  路径：/user/get  响应时间：58.963  ms
请求IP：::1  方法：POST  状态：200  路径：/user/post  响应时间：31.291  ms
请求IP：::1  方法：GET  状态：200  路径：/user/get  响应时间：46.573  ms
请求IP：::1  方法：POST  状态：200  路径：/user/post  响应时间：25.155  ms
请求IP：::1  方法：GET  状态：200  路径：/user/get  响应时间：7.485  ms
请求IP：::1  方法：POST  状态：200  路径：/user/post  响应时间：6.019  ms
请求IP：::1  方法：POST  状态：200  路径：/user/jscode2session  响应时间：80.714  ms
请求IP：::1  方法：POST  状态：200  路径：/user/jscode2session  响应时间：51.754  ms
请求IP：::1  方法：POST  状态：200  路径：/user/jscode2session  响应时间：100.335  ms
请求IP：::1  方法：POST  状态：200  路径：/user/jscode2session  响应时间：102.989  ms
请求IP：::1  方法：POST  状态：200  路径：/user/jscode2session  响应时间：53.434  ms
请求IP：::1  方法：POST  状态：200  路径：/user/jscode2session  响应时间：288.326  ms
请求IP：::1  方法：POST  状态：200  路径：/user/jscode2session  响应时间：282.351  ms
请求IP：::1  方法：POST  状态：200  路径：/user/jscode2session  响应时间：255.706  ms
请求IP：::1  方法：GET  状态：200  路径：/user/get  响应时间：33.822  ms
请求IP：::1  方法：POST  状态：200  路径：/user/post  响应时间：29.538  ms
请求IP：::1  方法：POST  状态：200  路径：/user/jscode2session  响应时间：320.413  ms
请求IP：::1  方法：GET  状态：200  路径：/user/get  响应时间：8.101  ms
请求IP：::1  方法：POST  状态：200  路径：/user/post  响应时间：6.523  ms
请求IP：::1  方法：POST  状态：200  路径：/user/jscode2session  响应时间：297.334  ms
请求IP：::1  方法：GET  状态：200  路径：/user/get  响应时间：28.696  ms
请求IP：::1  方法：POST  状态：200  路径：/user/post  响应时间：25.436  ms
请求IP：::1  方法：POST  状态：200  路径：/user/jscode2session  响应时间：233.561  ms
请求IP：::1  方法：GET  状态：200  路径：/user/get  响应时间：6.859  ms
请求IP：::1  方法：POST  状态：200  路径：/user/post  响应时间：5.907  ms
请求IP：::1  方法：POST  状态：200  路径：/user/jscode2session  响应时间：259.235  ms
请求IP：::1  方法：GET  状态：200  路径：/user/get  响应时间：6.779  ms
请求IP：::1  方法：POST  状态：200  路径：/user/post  响应时间：6.199  ms
请求IP：::1  方法：POST  状态：200  路径：/user/jscode2session  响应时间：254.528  ms
请求IP：::1  方法：GET  状态：200  路径：/user/get  响应时间：2.989  ms
请求IP：::1  方法：POST  状态：200  路径：/user/post  响应时间：2.357  ms
请求IP：::1  方法：POST  状态：200  路径：/user/jscode2session  响应时间：234.857  ms
请求IP：::1  方法：GET  状态：200  路径：/user/get  响应时间：8.333  ms
请求IP：::1  方法：POST  状态：200  路径：/user/post  响应时间：6.453  ms
请求IP：::1  方法：POST  状态：200  路径：/user/jscode2session  响应时间：255.716  ms
请求IP：::1  方法：GET  状态：200  路径：/user/get  响应时间：7.929  ms
请求IP：::1  方法：POST  状态：200  路径：/user/post  响应时间：8.844  ms
请求IP：::1  方法：POST  状态：200  路径：/user/jscode2session  响应时间：267.424  ms
请求IP：::1  方法：GET  状态：200  路径：/user/get  响应时间：6.331  ms
请求IP：::1  方法：POST  状态：200  路径：/user/post  响应时间：4.941  ms
请求IP：::1  方法：POST  状态：200  路径：/user/jscode2session  响应时间：241.851  ms
请求IP：::1  方法：GET  状态：200  路径：/user/get  响应时间：6.269  ms
请求IP：::1  方法：POST  状态：200  路径：/user/post  响应时间：5.714  ms
请求IP：::1  方法：POST  状态：200  路径：/user/jscode2session  响应时间：229.914  ms
请求IP：::1  方法：GET  状态：200  路径：/user/get  响应时间：6.227  ms
请求IP：::1  方法：POST  状态：200  路径：/user/post  响应时间：6.080  ms
请求IP：::1  方法：POST  状态：200  路径：/user/jscode2session  响应时间：283.141  ms
请求IP：::1  方法：GET  状态：200  路径：/user/get  响应时间：28.245  ms
请求IP：::1  方法：POST  状态：200  路径：/user/post  响应时间：24.385  ms
请求IP：::1  方法：POST  状态：200  路径：/user/jscode2session  响应时间：279.204  ms
请求IP：::1  方法：GET  状态：200  路径：/user/get  响应时间：28.287  ms
请求IP：::1  方法：POST  状态：200  路径：/user/post  响应时间：40.886  ms
请求IP：::1  方法：POST  状态：200  路径：/user/jscode2session  响应时间：289.141  ms
请求IP：::1  方法：GET  状态：200  路径：/user/get  响应时间：25.336  ms
请求IP：::1  方法：POST  状态：200  路径：/user/post  响应时间：39.285  ms
请求IP：::1  方法：POST  状态：200  路径：/user/jscode2session  响应时间：314.736  ms
请求IP：::1  方法：GET  状态：200  路径：/user/get  响应时间：29.598  ms
请求IP：::1  方法：POST  状态：200  路径：/user/post  响应时间：24.220  ms
